<?xml version="1.0" encoding="UTF-8"?>
<!-- Generated by org.testng.reporters.JUnitReportReporter -->
<testsuite skipped="0" hostname="ArpitJ6302" name="runner.RunTest" tests="1" failures="0" timestamp="08 Jul 2018 12:18:35 GMT" time="25.999" errors="0">
  <testcase name="feature" time="25.999" classname="runner.RunTest"/>
</testsuite> <!-- runner.RunTest -->
